{"/home/tanishqraj360/Projects/Connect-Campus/backend/controllers/auth.controller.js": {"path":"/home/tanishqraj360/Projects/Connect-Campus/backend/controllers/auth.controller.js","statementMap":{"0":{"start":{"line":6,"column":22},"end":{"line":65,"column":1}},"1":{"start":{"line":7,"column":2},"end":{"line":64,"column":3}},"2":{"start":{"line":8,"column":48},"end":{"line":8,"column":56}},"3":{"start":{"line":10,"column":4},"end":{"line":12,"column":5}},"4":{"start":{"line":11,"column":6},"end":{"line":11,"column":74}},"5":{"start":{"line":13,"column":26},"end":{"line":13,"column":55}},"6":{"start":{"line":14,"column":4},"end":{"line":16,"column":5}},"7":{"start":{"line":15,"column":6},"end":{"line":15,"column":71}},"8":{"start":{"line":18,"column":29},"end":{"line":18,"column":61}},"9":{"start":{"line":19,"column":4},"end":{"line":21,"column":5}},"10":{"start":{"line":20,"column":6},"end":{"line":20,"column":74}},"11":{"start":{"line":23,"column":4},"end":{"line":27,"column":5}},"12":{"start":{"line":24,"column":6},"end":{"line":26,"column":69}},"13":{"start":{"line":29,"column":17},"end":{"line":29,"column":41}},"14":{"start":{"line":30,"column":27},"end":{"line":30,"column":60}},"15":{"start":{"line":32,"column":17},"end":{"line":37,"column":6}},"16":{"start":{"line":39,"column":4},"end":{"line":39,"column":22}},"17":{"start":{"line":41,"column":18},"end":{"line":43,"column":6}},"18":{"start":{"line":45,"column":4},"end":{"line":50,"column":7}},"19":{"start":{"line":52,"column":4},"end":{"line":52,"column":70}},"20":{"start":{"line":54,"column":23},"end":{"line":54,"column":75}},"21":{"start":{"line":56,"column":4},"end":{"line":60,"column":5}},"22":{"start":{"line":57,"column":6},"end":{"line":57,"column":64}},"23":{"start":{"line":59,"column":6},"end":{"line":59,"column":63}},"24":{"start":{"line":62,"column":4},"end":{"line":62,"column":52}},"25":{"start":{"line":63,"column":4},"end":{"line":63,"column":63}},"26":{"start":{"line":67,"column":21},"end":{"line":99,"column":1}},"27":{"start":{"line":68,"column":2},"end":{"line":98,"column":3}},"28":{"start":{"line":69,"column":35},"end":{"line":69,"column":43}},"29":{"start":{"line":72,"column":17},"end":{"line":72,"column":49}},"30":{"start":{"line":73,"column":4},"end":{"line":75,"column":5}},"31":{"start":{"line":74,"column":6},"end":{"line":74,"column":70}},"32":{"start":{"line":78,"column":20},"end":{"line":78,"column":65}},"33":{"start":{"line":79,"column":4},"end":{"line":81,"column":5}},"34":{"start":{"line":80,"column":6},"end":{"line":80,"column":70}},"35":{"start":{"line":84,"column":18},"end":{"line":86,"column":6}},"36":{"start":{"line":87,"column":4},"end":{"line":92,"column":7}},"37":{"start":{"line":94,"column":4},"end":{"line":94,"column":52}},"38":{"start":{"line":96,"column":4},"end":{"line":96,"column":55}},"39":{"start":{"line":97,"column":4},"end":{"line":97,"column":54}},"40":{"start":{"line":101,"column":22},"end":{"line":104,"column":1}},"41":{"start":{"line":102,"column":2},"end":{"line":102,"column":40}},"42":{"start":{"line":103,"column":2},"end":{"line":103,"column":51}},"43":{"start":{"line":106,"column":30},"end":{"line":113,"column":1}},"44":{"start":{"line":107,"column":2},"end":{"line":112,"column":3}},"45":{"start":{"line":108,"column":4},"end":{"line":108,"column":23}},"46":{"start":{"line":110,"column":4},"end":{"line":110,"column":64}},"47":{"start":{"line":111,"column":4},"end":{"line":111,"column":54}}},"fnMap":{"0":{"name":"(anonymous_0)","decl":{"start":{"line":6,"column":22},"end":{"line":6,"column":23}},"loc":{"start":{"line":6,"column":42},"end":{"line":65,"column":1}},"line":6},"1":{"name":"(anonymous_1)","decl":{"start":{"line":67,"column":21},"end":{"line":67,"column":22}},"loc":{"start":{"line":67,"column":41},"end":{"line":99,"column":1}},"line":67},"2":{"name":"(anonymous_2)","decl":{"start":{"line":101,"column":22},"end":{"line":101,"column":23}},"loc":{"start":{"line":101,"column":36},"end":{"line":104,"column":1}},"line":101},"3":{"name":"(anonymous_3)","decl":{"start":{"line":106,"column":30},"end":{"line":106,"column":31}},"loc":{"start":{"line":106,"column":50},"end":{"line":113,"column":1}},"line":106}},"branchMap":{"0":{"loc":{"start":{"line":10,"column":4},"end":{"line":12,"column":5}},"type":"if","locations":[{"start":{"line":10,"column":4},"end":{"line":12,"column":5}},{"start":{},"end":{}}],"line":10},"1":{"loc":{"start":{"line":10,"column":8},"end":{"line":10,"column":49}},"type":"binary-expr","locations":[{"start":{"line":10,"column":8},"end":{"line":10,"column":13}},{"start":{"line":10,"column":17},"end":{"line":10,"column":26}},{"start":{"line":10,"column":30},"end":{"line":10,"column":36}},{"start":{"line":10,"column":40},"end":{"line":10,"column":49}}],"line":10},"2":{"loc":{"start":{"line":14,"column":4},"end":{"line":16,"column":5}},"type":"if","locations":[{"start":{"line":14,"column":4},"end":{"line":16,"column":5}},{"start":{},"end":{}}],"line":14},"3":{"loc":{"start":{"line":19,"column":4},"end":{"line":21,"column":5}},"type":"if","locations":[{"start":{"line":19,"column":4},"end":{"line":21,"column":5}},{"start":{},"end":{}}],"line":19},"4":{"loc":{"start":{"line":23,"column":4},"end":{"line":27,"column":5}},"type":"if","locations":[{"start":{"line":23,"column":4},"end":{"line":27,"column":5}},{"start":{},"end":{}}],"line":23},"5":{"loc":{"start":{"line":73,"column":4},"end":{"line":75,"column":5}},"type":"if","locations":[{"start":{"line":73,"column":4},"end":{"line":75,"column":5}},{"start":{},"end":{}}],"line":73},"6":{"loc":{"start":{"line":79,"column":4},"end":{"line":81,"column":5}},"type":"if","locations":[{"start":{"line":79,"column":4},"end":{"line":81,"column":5}},{"start":{},"end":{}}],"line":79}},"s":{"0":1,"1":3,"2":3,"3":3,"4":1,"5":2,"6":2,"7":1,"8":1,"9":1,"10":0,"11":1,"12":0,"13":1,"14":1,"15":1,"16":0,"17":0,"18":0,"19":0,"20":0,"21":0,"22":0,"23":0,"24":1,"25":1,"26":1,"27":3,"28":3,"29":3,"30":3,"31":1,"32":2,"33":2,"34":1,"35":1,"36":1,"37":1,"38":0,"39":0,"40":1,"41":0,"42":0,"43":1,"44":0,"45":0,"46":0,"47":0},"f":{"0":3,"1":3,"2":0,"3":0},"b":{"0":[1,2],"1":[3,2,2,2],"2":[1,1],"3":[0,1],"4":[0,1],"5":[1,2],"6":[1,1]},"inputSourceMap":null,"_coverageSchema":"1a1c01bbd47fc00a2c39e90264f33305004495a9","hash":"0a81488f4b452b2baf016233c10f38c1b6e4ae7a"}
,"/home/tanishqraj360/Projects/Connect-Campus/backend/controllers/connection.controller.js": {"path":"/home/tanishqraj360/Projects/Connect-Campus/backend/controllers/connection.controller.js","statementMap":{"0":{"start":{"line":6,"column":37},"end":{"line":44,"column":1}},"1":{"start":{"line":7,"column":2},"end":{"line":43,"column":3}},"2":{"start":{"line":8,"column":23},"end":{"line":8,"column":33}},"3":{"start":{"line":9,"column":21},"end":{"line":9,"column":33}},"4":{"start":{"line":11,"column":4},"end":{"line":15,"column":5}},"5":{"start":{"line":12,"column":6},"end":{"line":14,"column":67}},"6":{"start":{"line":17,"column":4},"end":{"line":19,"column":5}},"7":{"start":{"line":18,"column":6},"end":{"line":18,"column":76}},"8":{"start":{"line":21,"column":28},"end":{"line":25,"column":6}},"9":{"start":{"line":27,"column":4},"end":{"line":31,"column":5}},"10":{"start":{"line":28,"column":6},"end":{"line":30,"column":66}},"11":{"start":{"line":33,"column":23},"end":{"line":36,"column":6}},"12":{"start":{"line":38,"column":4},"end":{"line":38,"column":28}},"13":{"start":{"line":40,"column":4},"end":{"line":40,"column":78}},"14":{"start":{"line":42,"column":4},"end":{"line":42,"column":54}},"15":{"start":{"line":46,"column":39},"end":{"line":113,"column":1}},"16":{"start":{"line":47,"column":2},"end":{"line":112,"column":3}},"17":{"start":{"line":48,"column":26},"end":{"line":48,"column":36}},"18":{"start":{"line":49,"column":19},"end":{"line":49,"column":31}},"19":{"start":{"line":51,"column":20},"end":{"line":53,"column":45}},"20":{"start":{"line":55,"column":4},"end":{"line":57,"column":5}},"21":{"start":{"line":56,"column":6},"end":{"line":56,"column":79}},"22":{"start":{"line":60,"column":4},"end":{"line":64,"column":5}},"23":{"start":{"line":61,"column":6},"end":{"line":63,"column":68}},"24":{"start":{"line":66,"column":4},"end":{"line":70,"column":5}},"25":{"start":{"line":67,"column":6},"end":{"line":69,"column":70}},"26":{"start":{"line":72,"column":4},"end":{"line":72,"column":32}},"27":{"start":{"line":73,"column":4},"end":{"line":73,"column":25}},"28":{"start":{"line":76,"column":4},"end":{"line":78,"column":7}},"29":{"start":{"line":79,"column":4},"end":{"line":81,"column":7}},"30":{"start":{"line":83,"column":25},"end":{"line":87,"column":6}},"31":{"start":{"line":89,"column":4},"end":{"line":89,"column":30}},"32":{"start":{"line":91,"column":4},"end":{"line":91,"column":62}},"33":{"start":{"line":93,"column":24},"end":{"line":93,"column":44}},"34":{"start":{"line":94,"column":23},"end":{"line":94,"column":42}},"35":{"start":{"line":95,"column":26},"end":{"line":95,"column":48}},"36":{"start":{"line":97,"column":6},"end":{"line":97,"column":71}},"37":{"start":{"line":99,"column":4},"end":{"line":108,"column":5}},"38":{"start":{"line":100,"column":6},"end":{"line":105,"column":8}},"39":{"start":{"line":107,"column":6},"end":{"line":107,"column":68}},"40":{"start":{"line":110,"column":4},"end":{"line":110,"column":73}},"41":{"start":{"line":111,"column":4},"end":{"line":111,"column":54}},"42":{"start":{"line":115,"column":39},"end":{"line":142,"column":1}},"43":{"start":{"line":116,"column":2},"end":{"line":141,"column":3}},"44":{"start":{"line":117,"column":26},"end":{"line":117,"column":36}},"45":{"start":{"line":118,"column":19},"end":{"line":118,"column":31}},"46":{"start":{"line":120,"column":20},"end":{"line":120,"column":63}},"47":{"start":{"line":122,"column":4},"end":{"line":126,"column":5}},"48":{"start":{"line":123,"column":6},"end":{"line":125,"column":68}},"49":{"start":{"line":128,"column":4},"end":{"line":132,"column":5}},"50":{"start":{"line":129,"column":6},"end":{"line":131,"column":70}},"51":{"start":{"line":134,"column":4},"end":{"line":134,"column":32}},"52":{"start":{"line":135,"column":4},"end":{"line":135,"column":25}},"53":{"start":{"line":137,"column":4},"end":{"line":137,"column":57}},"54":{"start":{"line":139,"column":4},"end":{"line":139,"column":73}},"55":{"start":{"line":140,"column":4},"end":{"line":140,"column":54}},"56":{"start":{"line":144,"column":37},"end":{"line":158,"column":1}},"57":{"start":{"line":145,"column":2},"end":{"line":157,"column":3}},"58":{"start":{"line":146,"column":19},"end":{"line":146,"column":31}},"59":{"start":{"line":148,"column":21},"end":{"line":151,"column":78}},"60":{"start":{"line":153,"column":4},"end":{"line":153,"column":23}},"61":{"start":{"line":155,"column":4},"end":{"line":155,"column":71}},"62":{"start":{"line":156,"column":4},"end":{"line":156,"column":54}},"63":{"start":{"line":160,"column":34},"end":{"line":174,"column":1}},"64":{"start":{"line":161,"column":2},"end":{"line":173,"column":3}},"65":{"start":{"line":162,"column":19},"end":{"line":162,"column":31}},"66":{"start":{"line":164,"column":17},"end":{"line":167,"column":5}},"67":{"start":{"line":169,"column":4},"end":{"line":169,"column":31}},"68":{"start":{"line":171,"column":4},"end":{"line":171,"column":68}},"69":{"start":{"line":172,"column":4},"end":{"line":172,"column":54}},"70":{"start":{"line":176,"column":32},"end":{"line":189,"column":1}},"71":{"start":{"line":177,"column":2},"end":{"line":188,"column":3}},"72":{"start":{"line":178,"column":17},"end":{"line":178,"column":29}},"73":{"start":{"line":179,"column":23},"end":{"line":179,"column":33}},"74":{"start":{"line":181,"column":4},"end":{"line":181,"column":75}},"75":{"start":{"line":182,"column":4},"end":{"line":182,"column":75}},"76":{"start":{"line":184,"column":4},"end":{"line":184,"column":61}},"77":{"start":{"line":186,"column":4},"end":{"line":186,"column":66}},"78":{"start":{"line":187,"column":4},"end":{"line":187,"column":54}},"79":{"start":{"line":191,"column":35},"end":{"line":223,"column":1}},"80":{"start":{"line":192,"column":2},"end":{"line":222,"column":3}},"81":{"start":{"line":193,"column":25},"end":{"line":193,"column":42}},"82":{"start":{"line":194,"column":26},"end":{"line":194,"column":38}},"83":{"start":{"line":196,"column":24},"end":{"line":196,"column":32}},"84":{"start":{"line":197,"column":4},"end":{"line":199,"column":5}},"85":{"start":{"line":198,"column":6},"end":{"line":198,"column":47}},"86":{"start":{"line":201,"column":27},"end":{"line":207,"column":6}},"87":{"start":{"line":209,"column":4},"end":{"line":215,"column":5}},"88":{"start":{"line":210,"column":6},"end":{"line":214,"column":7}},"89":{"start":{"line":211,"column":8},"end":{"line":211,"column":47}},"90":{"start":{"line":213,"column":8},"end":{"line":213,"column":79}},"91":{"start":{"line":218,"column":4},"end":{"line":218,"column":42}},"92":{"start":{"line":220,"column":4},"end":{"line":220,"column":69}},"93":{"start":{"line":221,"column":4},"end":{"line":221,"column":54}}},"fnMap":{"0":{"name":"(anonymous_0)","decl":{"start":{"line":6,"column":37},"end":{"line":6,"column":38}},"loc":{"start":{"line":6,"column":57},"end":{"line":44,"column":1}},"line":6},"1":{"name":"(anonymous_1)","decl":{"start":{"line":46,"column":39},"end":{"line":46,"column":40}},"loc":{"start":{"line":46,"column":59},"end":{"line":113,"column":1}},"line":46},"2":{"name":"(anonymous_2)","decl":{"start":{"line":115,"column":39},"end":{"line":115,"column":40}},"loc":{"start":{"line":115,"column":59},"end":{"line":142,"column":1}},"line":115},"3":{"name":"(anonymous_3)","decl":{"start":{"line":144,"column":37},"end":{"line":144,"column":38}},"loc":{"start":{"line":144,"column":57},"end":{"line":158,"column":1}},"line":144},"4":{"name":"(anonymous_4)","decl":{"start":{"line":160,"column":34},"end":{"line":160,"column":35}},"loc":{"start":{"line":160,"column":54},"end":{"line":174,"column":1}},"line":160},"5":{"name":"(anonymous_5)","decl":{"start":{"line":176,"column":32},"end":{"line":176,"column":33}},"loc":{"start":{"line":176,"column":52},"end":{"line":189,"column":1}},"line":176},"6":{"name":"(anonymous_6)","decl":{"start":{"line":191,"column":35},"end":{"line":191,"column":36}},"loc":{"start":{"line":191,"column":55},"end":{"line":223,"column":1}},"line":191}},"branchMap":{"0":{"loc":{"start":{"line":11,"column":4},"end":{"line":15,"column":5}},"type":"if","locations":[{"start":{"line":11,"column":4},"end":{"line":15,"column":5}},{"start":{},"end":{}}],"line":11},"1":{"loc":{"start":{"line":17,"column":4},"end":{"line":19,"column":5}},"type":"if","locations":[{"start":{"line":17,"column":4},"end":{"line":19,"column":5}},{"start":{},"end":{}}],"line":17},"2":{"loc":{"start":{"line":27,"column":4},"end":{"line":31,"column":5}},"type":"if","locations":[{"start":{"line":27,"column":4},"end":{"line":31,"column":5}},{"start":{},"end":{}}],"line":27},"3":{"loc":{"start":{"line":55,"column":4},"end":{"line":57,"column":5}},"type":"if","locations":[{"start":{"line":55,"column":4},"end":{"line":57,"column":5}},{"start":{},"end":{}}],"line":55},"4":{"loc":{"start":{"line":60,"column":4},"end":{"line":64,"column":5}},"type":"if","locations":[{"start":{"line":60,"column":4},"end":{"line":64,"column":5}},{"start":{},"end":{}}],"line":60},"5":{"loc":{"start":{"line":66,"column":4},"end":{"line":70,"column":5}},"type":"if","locations":[{"start":{"line":66,"column":4},"end":{"line":70,"column":5}},{"start":{},"end":{}}],"line":66},"6":{"loc":{"start":{"line":122,"column":4},"end":{"line":126,"column":5}},"type":"if","locations":[{"start":{"line":122,"column":4},"end":{"line":126,"column":5}},{"start":{},"end":{}}],"line":122},"7":{"loc":{"start":{"line":128,"column":4},"end":{"line":132,"column":5}},"type":"if","locations":[{"start":{"line":128,"column":4},"end":{"line":132,"column":5}},{"start":{},"end":{}}],"line":128},"8":{"loc":{"start":{"line":197,"column":4},"end":{"line":199,"column":5}},"type":"if","locations":[{"start":{"line":197,"column":4},"end":{"line":199,"column":5}},{"start":{},"end":{}}],"line":197},"9":{"loc":{"start":{"line":209,"column":4},"end":{"line":215,"column":5}},"type":"if","locations":[{"start":{"line":209,"column":4},"end":{"line":215,"column":5}},{"start":{},"end":{}}],"line":209},"10":{"loc":{"start":{"line":210,"column":6},"end":{"line":214,"column":7}},"type":"if","locations":[{"start":{"line":210,"column":6},"end":{"line":214,"column":7}},{"start":{"line":212,"column":13},"end":{"line":214,"column":7}}],"line":210}},"s":{"0":1,"1":4,"2":4,"3":4,"4":4,"5":1,"6":3,"7":1,"8":2,"9":2,"10":1,"11":1,"12":0,"13":0,"14":1,"15":1,"16":2,"17":2,"18":2,"19":2,"20":2,"21":1,"22":1,"23":0,"24":1,"25":0,"26":1,"27":1,"28":1,"29":1,"30":1,"31":0,"32":0,"33":0,"34":0,"35":0,"36":0,"37":0,"38":0,"39":0,"40":1,"41":1,"42":1,"43":2,"44":2,"45":2,"46":2,"47":2,"48":1,"49":1,"50":0,"51":1,"52":1,"53":1,"54":0,"55":0,"56":1,"57":0,"58":0,"59":0,"60":0,"61":0,"62":0,"63":1,"64":0,"65":0,"66":0,"67":0,"68":0,"69":0,"70":1,"71":0,"72":0,"73":0,"74":0,"75":0,"76":0,"77":0,"78":0,"79":1,"80":2,"81":2,"82":2,"83":2,"84":2,"85":1,"86":1,"87":1,"88":0,"89":0,"90":0,"91":1,"92":0,"93":0},"f":{"0":4,"1":2,"2":2,"3":0,"4":0,"5":0,"6":2},"b":{"0":[1,3],"1":[1,2],"2":[1,1],"3":[1,1],"4":[0,1],"5":[0,1],"6":[1,1],"7":[0,1],"8":[1,1],"9":[0,1],"10":[0,0]},"inputSourceMap":null,"_coverageSchema":"1a1c01bbd47fc00a2c39e90264f33305004495a9","hash":"b84686fd9d5fb2c6d6b61bde54986c45a5f3f468"}
,"/home/tanishqraj360/Projects/Connect-Campus/backend/controllers/notification.controller.js": {"path":"/home/tanishqraj360/Projects/Connect-Campus/backend/controllers/notification.controller.js","statementMap":{"0":{"start":{"line":3,"column":36},"end":{"line":15,"column":1}},"1":{"start":{"line":4,"column":2},"end":{"line":14,"column":3}},"2":{"start":{"line":5,"column":26},"end":{"line":8,"column":47}},"3":{"start":{"line":10,"column":4},"end":{"line":10,"column":40}},"4":{"start":{"line":12,"column":4},"end":{"line":12,"column":70}},"5":{"start":{"line":13,"column":4},"end":{"line":13,"column":63}},"6":{"start":{"line":17,"column":38},"end":{"line":31,"column":1}},"7":{"start":{"line":18,"column":25},"end":{"line":18,"column":38}},"8":{"start":{"line":19,"column":2},"end":{"line":30,"column":3}},"9":{"start":{"line":20,"column":25},"end":{"line":24,"column":5}},"10":{"start":{"line":26,"column":4},"end":{"line":26,"column":27}},"11":{"start":{"line":28,"column":4},"end":{"line":28,"column":72}},"12":{"start":{"line":29,"column":4},"end":{"line":29,"column":63}},"13":{"start":{"line":33,"column":34},"end":{"line":46,"column":1}},"14":{"start":{"line":34,"column":25},"end":{"line":34,"column":38}},"15":{"start":{"line":36,"column":2},"end":{"line":45,"column":3}},"16":{"start":{"line":37,"column":4},"end":{"line":40,"column":7}},"17":{"start":{"line":42,"column":4},"end":{"line":42,"column":63}},"18":{"start":{"line":44,"column":4},"end":{"line":44,"column":54}}},"fnMap":{"0":{"name":"(anonymous_0)","decl":{"start":{"line":3,"column":36},"end":{"line":3,"column":37}},"loc":{"start":{"line":3,"column":56},"end":{"line":15,"column":1}},"line":3},"1":{"name":"(anonymous_1)","decl":{"start":{"line":17,"column":38},"end":{"line":17,"column":39}},"loc":{"start":{"line":17,"column":58},"end":{"line":31,"column":1}},"line":17},"2":{"name":"(anonymous_2)","decl":{"start":{"line":33,"column":34},"end":{"line":33,"column":35}},"loc":{"start":{"line":33,"column":54},"end":{"line":46,"column":1}},"line":33}},"branchMap":{},"s":{"0":1,"1":2,"2":2,"3":1,"4":1,"5":1,"6":1,"7":2,"8":2,"9":2,"10":1,"11":1,"12":1,"13":1,"14":2,"15":2,"16":2,"17":1,"18":1},"f":{"0":2,"1":2,"2":2},"b":{},"inputSourceMap":null,"_coverageSchema":"1a1c01bbd47fc00a2c39e90264f33305004495a9","hash":"f26632a5b44bf316a9de21d71c495ae39761f1dc"}
,"/home/tanishqraj360/Projects/Connect-Campus/backend/controllers/post.controller.js": {"path":"/home/tanishqraj360/Projects/Connect-Campus/backend/controllers/post.controller.js","statementMap":{"0":{"start":{"line":6,"column":28},"end":{"line":20,"column":1}},"1":{"start":{"line":7,"column":2},"end":{"line":19,"column":3}},"2":{"start":{"line":8,"column":18},"end":{"line":13,"column":30}},"3":{"start":{"line":15,"column":4},"end":{"line":15,"column":32}},"4":{"start":{"line":17,"column":4},"end":{"line":17,"column":62}},"5":{"start":{"line":18,"column":4},"end":{"line":18,"column":54}},"6":{"start":{"line":22,"column":26},"end":{"line":48,"column":1}},"7":{"start":{"line":23,"column":2},"end":{"line":47,"column":3}},"8":{"start":{"line":24,"column":31},"end":{"line":24,"column":39}},"9":{"start":{"line":27,"column":4},"end":{"line":39,"column":5}},"10":{"start":{"line":28,"column":24},"end":{"line":28,"column":63}},"11":{"start":{"line":29,"column":6},"end":{"line":33,"column":9}},"12":{"start":{"line":35,"column":6},"end":{"line":38,"column":9}},"13":{"start":{"line":41,"column":4},"end":{"line":41,"column":25}},"14":{"start":{"line":43,"column":4},"end":{"line":43,"column":34}},"15":{"start":{"line":45,"column":4},"end":{"line":45,"column":60}},"16":{"start":{"line":46,"column":4},"end":{"line":46,"column":54}},"17":{"start":{"line":50,"column":26},"end":{"line":82,"column":1}},"18":{"start":{"line":51,"column":2},"end":{"line":81,"column":3}},"19":{"start":{"line":52,"column":19},"end":{"line":52,"column":32}},"20":{"start":{"line":53,"column":19},"end":{"line":53,"column":31}},"21":{"start":{"line":55,"column":17},"end":{"line":55,"column":44}},"22":{"start":{"line":57,"column":4},"end":{"line":59,"column":5}},"23":{"start":{"line":58,"column":6},"end":{"line":58,"column":65}},"24":{"start":{"line":62,"column":4},"end":{"line":66,"column":5}},"25":{"start":{"line":63,"column":6},"end":{"line":65,"column":73}},"26":{"start":{"line":69,"column":4},"end":{"line":73,"column":5}},"27":{"start":{"line":70,"column":6},"end":{"line":72,"column":8}},"28":{"start":{"line":75,"column":4},"end":{"line":75,"column":41}},"29":{"start":{"line":77,"column":4},"end":{"line":77,"column":67}},"30":{"start":{"line":79,"column":4},"end":{"line":79,"column":66}},"31":{"start":{"line":80,"column":4},"end":{"line":80,"column":54}},"32":{"start":{"line":84,"column":27},"end":{"line":96,"column":1}},"33":{"start":{"line":85,"column":2},"end":{"line":95,"column":3}},"34":{"start":{"line":86,"column":19},"end":{"line":86,"column":32}},"35":{"start":{"line":87,"column":17},"end":{"line":89,"column":73}},"36":{"start":{"line":91,"column":4},"end":{"line":91,"column":31}},"37":{"start":{"line":93,"column":4},"end":{"line":93,"column":61}},"38":{"start":{"line":94,"column":4},"end":{"line":94,"column":54}},"39":{"start":{"line":98,"column":29},"end":{"line":141,"column":1}},"40":{"start":{"line":99,"column":2},"end":{"line":140,"column":3}},"41":{"start":{"line":100,"column":19},"end":{"line":100,"column":32}},"42":{"start":{"line":101,"column":24},"end":{"line":101,"column":32}},"43":{"start":{"line":103,"column":17},"end":{"line":109,"column":71}},"44":{"start":{"line":112,"column":4},"end":{"line":134,"column":5}},"45":{"start":{"line":113,"column":30},"end":{"line":118,"column":8}},"46":{"start":{"line":120,"column":6},"end":{"line":120,"column":35}},"47":{"start":{"line":122,"column":6},"end":{"line":133,"column":7}},"48":{"start":{"line":123,"column":24},"end":{"line":123,"column":66}},"49":{"start":{"line":124,"column":8},"end":{"line":130,"column":10}},"50":{"start":{"line":132,"column":8},"end":{"line":132,"column":75}},"51":{"start":{"line":136,"column":4},"end":{"line":136,"column":31}},"52":{"start":{"line":138,"column":4},"end":{"line":138,"column":63}},"53":{"start":{"line":139,"column":4},"end":{"line":139,"column":54}},"54":{"start":{"line":143,"column":24},"end":{"line":177,"column":1}},"55":{"start":{"line":144,"column":2},"end":{"line":176,"column":3}},"56":{"start":{"line":145,"column":19},"end":{"line":145,"column":32}},"57":{"start":{"line":146,"column":17},"end":{"line":146,"column":44}},"58":{"start":{"line":147,"column":19},"end":{"line":147,"column":31}},"59":{"start":{"line":149,"column":4},"end":{"line":168,"column":5}},"60":{"start":{"line":151,"column":6},"end":{"line":153,"column":8}},"61":{"start":{"line":152,"column":16},"end":{"line":152,"column":51}},"62":{"start":{"line":156,"column":6},"end":{"line":156,"column":30}},"63":{"start":{"line":158,"column":6},"end":{"line":167,"column":7}},"64":{"start":{"line":159,"column":32},"end":{"line":164,"column":10}},"65":{"start":{"line":166,"column":8},"end":{"line":166,"column":37}},"66":{"start":{"line":170,"column":4},"end":{"line":170,"column":22}},"67":{"start":{"line":172,"column":4},"end":{"line":172,"column":31}},"68":{"start":{"line":174,"column":4},"end":{"line":174,"column":58}},"69":{"start":{"line":175,"column":4},"end":{"line":175,"column":54}}},"fnMap":{"0":{"name":"(anonymous_0)","decl":{"start":{"line":6,"column":28},"end":{"line":6,"column":29}},"loc":{"start":{"line":6,"column":48},"end":{"line":20,"column":1}},"line":6},"1":{"name":"(anonymous_1)","decl":{"start":{"line":22,"column":26},"end":{"line":22,"column":27}},"loc":{"start":{"line":22,"column":46},"end":{"line":48,"column":1}},"line":22},"2":{"name":"(anonymous_2)","decl":{"start":{"line":50,"column":26},"end":{"line":50,"column":27}},"loc":{"start":{"line":50,"column":46},"end":{"line":82,"column":1}},"line":50},"3":{"name":"(anonymous_3)","decl":{"start":{"line":84,"column":27},"end":{"line":84,"column":28}},"loc":{"start":{"line":84,"column":47},"end":{"line":96,"column":1}},"line":84},"4":{"name":"(anonymous_4)","decl":{"start":{"line":98,"column":29},"end":{"line":98,"column":30}},"loc":{"start":{"line":98,"column":49},"end":{"line":141,"column":1}},"line":98},"5":{"name":"(anonymous_5)","decl":{"start":{"line":143,"column":24},"end":{"line":143,"column":25}},"loc":{"start":{"line":143,"column":44},"end":{"line":177,"column":1}},"line":143},"6":{"name":"(anonymous_6)","decl":{"start":{"line":152,"column":8},"end":{"line":152,"column":9}},"loc":{"start":{"line":152,"column":16},"end":{"line":152,"column":51}},"line":152}},"branchMap":{"0":{"loc":{"start":{"line":27,"column":4},"end":{"line":39,"column":5}},"type":"if","locations":[{"start":{"line":27,"column":4},"end":{"line":39,"column":5}},{"start":{"line":34,"column":11},"end":{"line":39,"column":5}}],"line":27},"1":{"loc":{"start":{"line":57,"column":4},"end":{"line":59,"column":5}},"type":"if","locations":[{"start":{"line":57,"column":4},"end":{"line":59,"column":5}},{"start":{},"end":{}}],"line":57},"2":{"loc":{"start":{"line":62,"column":4},"end":{"line":66,"column":5}},"type":"if","locations":[{"start":{"line":62,"column":4},"end":{"line":66,"column":5}},{"start":{},"end":{}}],"line":62},"3":{"loc":{"start":{"line":69,"column":4},"end":{"line":73,"column":5}},"type":"if","locations":[{"start":{"line":69,"column":4},"end":{"line":73,"column":5}},{"start":{},"end":{}}],"line":69},"4":{"loc":{"start":{"line":112,"column":4},"end":{"line":134,"column":5}},"type":"if","locations":[{"start":{"line":112,"column":4},"end":{"line":134,"column":5}},{"start":{},"end":{}}],"line":112},"5":{"loc":{"start":{"line":149,"column":4},"end":{"line":168,"column":5}},"type":"if","locations":[{"start":{"line":149,"column":4},"end":{"line":168,"column":5}},{"start":{"line":154,"column":11},"end":{"line":168,"column":5}}],"line":149},"6":{"loc":{"start":{"line":158,"column":6},"end":{"line":167,"column":7}},"type":"if","locations":[{"start":{"line":158,"column":6},"end":{"line":167,"column":7}},{"start":{},"end":{}}],"line":158}},"s":{"0":1,"1":1,"2":1,"3":1,"4":0,"5":0,"6":1,"7":2,"8":2,"9":2,"10":1,"11":1,"12":1,"13":0,"14":0,"15":2,"16":2,"17":1,"18":3,"19":3,"20":3,"21":3,"22":3,"23":1,"24":2,"25":1,"26":1,"27":1,"28":1,"29":1,"30":0,"31":0,"32":1,"33":0,"34":0,"35":0,"36":0,"37":0,"38":0,"39":1,"40":2,"41":2,"42":2,"43":2,"44":2,"45":1,"46":0,"47":0,"48":0,"49":0,"50":0,"51":1,"52":1,"53":1,"54":1,"55":2,"56":2,"57":2,"58":2,"59":2,"60":1,"61":2,"62":1,"63":1,"64":1,"65":0,"66":1,"67":1,"68":1,"69":1},"f":{"0":1,"1":2,"2":3,"3":0,"4":2,"5":2,"6":2},"b":{"0":[1,1],"1":[1,2],"2":[1,1],"3":[1,0],"4":[1,1],"5":[1,1],"6":[1,0]},"inputSourceMap":null,"_coverageSchema":"1a1c01bbd47fc00a2c39e90264f33305004495a9","hash":"99275e9e8f09353e109d148a04597d19446d0b9d"}
,"/home/tanishqraj360/Projects/Connect-Campus/backend/controllers/user.controller.js": {"path":"/home/tanishqraj360/Projects/Connect-Campus/backend/controllers/user.controller.js","statementMap":{"0":{"start":{"line":4,"column":39},"end":{"line":23,"column":1}},"1":{"start":{"line":5,"column":2},"end":{"line":22,"column":3}},"2":{"start":{"line":6,"column":24},"end":{"line":6,"column":79}},"3":{"start":{"line":9,"column":26},"end":{"line":16,"column":15}},"4":{"start":{"line":18,"column":4},"end":{"line":18,"column":28}},"5":{"start":{"line":20,"column":4},"end":{"line":20,"column":73}},"6":{"start":{"line":21,"column":4},"end":{"line":21,"column":54}},"7":{"start":{"line":25,"column":32},"end":{"line":40,"column":1}},"8":{"start":{"line":26,"column":2},"end":{"line":39,"column":3}},"9":{"start":{"line":27,"column":17},"end":{"line":29,"column":5}},"10":{"start":{"line":31,"column":4},"end":{"line":33,"column":5}},"11":{"start":{"line":32,"column":6},"end":{"line":32,"column":65}},"12":{"start":{"line":35,"column":4},"end":{"line":35,"column":19}},"13":{"start":{"line":37,"column":4},"end":{"line":37,"column":66}},"14":{"start":{"line":38,"column":4},"end":{"line":38,"column":54}},"15":{"start":{"line":42,"column":29},"end":{"line":86,"column":1}},"16":{"start":{"line":43,"column":2},"end":{"line":85,"column":3}},"17":{"start":{"line":44,"column":26},"end":{"line":55,"column":5}},"18":{"start":{"line":57,"column":24},"end":{"line":57,"column":26}},"19":{"start":{"line":59,"column":4},"end":{"line":63,"column":5}},"20":{"start":{"line":60,"column":6},"end":{"line":62,"column":7}},"21":{"start":{"line":61,"column":8},"end":{"line":61,"column":45}},"22":{"start":{"line":65,"column":4},"end":{"line":68,"column":5}},"23":{"start":{"line":66,"column":21},"end":{"line":66,"column":78}},"24":{"start":{"line":67,"column":6},"end":{"line":67,"column":53}},"25":{"start":{"line":70,"column":4},"end":{"line":73,"column":5}},"26":{"start":{"line":71,"column":21},"end":{"line":71,"column":73}},"27":{"start":{"line":72,"column":6},"end":{"line":72,"column":48}},"28":{"start":{"line":75,"column":17},"end":{"line":79,"column":25}},"29":{"start":{"line":81,"column":4},"end":{"line":81,"column":19}},"30":{"start":{"line":83,"column":4},"end":{"line":83,"column":63}},"31":{"start":{"line":84,"column":4},"end":{"line":84,"column":54}}},"fnMap":{"0":{"name":"(anonymous_0)","decl":{"start":{"line":4,"column":39},"end":{"line":4,"column":40}},"loc":{"start":{"line":4,"column":59},"end":{"line":23,"column":1}},"line":4},"1":{"name":"(anonymous_1)","decl":{"start":{"line":25,"column":32},"end":{"line":25,"column":33}},"loc":{"start":{"line":25,"column":52},"end":{"line":40,"column":1}},"line":25},"2":{"name":"(anonymous_2)","decl":{"start":{"line":42,"column":29},"end":{"line":42,"column":30}},"loc":{"start":{"line":42,"column":49},"end":{"line":86,"column":1}},"line":42}},"branchMap":{"0":{"loc":{"start":{"line":31,"column":4},"end":{"line":33,"column":5}},"type":"if","locations":[{"start":{"line":31,"column":4},"end":{"line":33,"column":5}},{"start":{},"end":{}}],"line":31},"1":{"loc":{"start":{"line":60,"column":6},"end":{"line":62,"column":7}},"type":"if","locations":[{"start":{"line":60,"column":6},"end":{"line":62,"column":7}},{"start":{},"end":{}}],"line":60},"2":{"loc":{"start":{"line":65,"column":4},"end":{"line":68,"column":5}},"type":"if","locations":[{"start":{"line":65,"column":4},"end":{"line":68,"column":5}},{"start":{},"end":{}}],"line":65},"3":{"loc":{"start":{"line":70,"column":4},"end":{"line":73,"column":5}},"type":"if","locations":[{"start":{"line":70,"column":4},"end":{"line":73,"column":5}},{"start":{},"end":{}}],"line":70}},"s":{"0":1,"1":2,"2":2,"3":1,"4":1,"5":1,"6":1,"7":1,"8":2,"9":2,"10":2,"11":1,"12":1,"13":0,"14":0,"15":1,"16":3,"17":3,"18":3,"19":3,"20":30,"21":4,"22":3,"23":1,"24":1,"25":3,"26":1,"27":1,"28":3,"29":3,"30":0,"31":0},"f":{"0":2,"1":2,"2":3},"b":{"0":[1,1],"1":[4,26],"2":[1,2],"3":[1,2]},"inputSourceMap":null,"_coverageSchema":"1a1c01bbd47fc00a2c39e90264f33305004495a9","hash":"393d9e4b9423252837bc57a223868b7a76023763"}
}
