TN:
SF:backend/controllers/auth.controller.js
FN:6,(anonymous_0)
FN:67,(anonymous_1)
FN:101,(anonymous_2)
FN:106,(anonymous_3)
FNF:4
FNH:2
FNDA:3,(anonymous_0)
FNDA:3,(anonymous_1)
FNDA:0,(anonymous_2)
FNDA:0,(anonymous_3)
DA:6,1
DA:7,3
DA:8,3
DA:10,3
DA:11,1
DA:13,2
DA:14,2
DA:15,1
DA:18,1
DA:19,1
DA:20,0
DA:23,1
DA:24,0
DA:29,1
DA:30,1
DA:32,1
DA:39,0
DA:41,0
DA:45,0
DA:52,0
DA:54,0
DA:56,0
DA:57,0
DA:59,0
DA:62,1
DA:63,1
DA:67,1
DA:68,3
DA:69,3
DA:72,3
DA:73,3
DA:74,1
DA:78,2
DA:79,2
DA:80,1
DA:84,1
DA:87,1
DA:94,1
DA:96,0
DA:97,0
DA:101,1
DA:102,0
DA:103,0
DA:106,1
DA:107,0
DA:108,0
DA:110,0
DA:111,0
LF:48
LH:30
BRDA:10,0,0,1
BRDA:10,0,1,2
BRDA:10,1,0,3
BRDA:10,1,1,2
BRDA:10,1,2,2
BRDA:10,1,3,2
BRDA:14,2,0,1
BRDA:14,2,1,1
BRDA:19,3,0,0
BRDA:19,3,1,1
BRDA:23,4,0,0
BRDA:23,4,1,1
BRDA:73,5,0,1
BRDA:73,5,1,2
BRDA:79,6,0,1
BRDA:79,6,1,1
BRF:16
BRH:14
end_of_record
TN:
SF:backend/controllers/connection.controller.js
FN:6,(anonymous_0)
FN:46,(anonymous_1)
FN:115,(anonymous_2)
FN:144,(anonymous_3)
FN:160,(anonymous_4)
FN:176,(anonymous_5)
FN:191,(anonymous_6)
FNF:7
FNH:4
FNDA:4,(anonymous_0)
FNDA:2,(anonymous_1)
FNDA:2,(anonymous_2)
FNDA:0,(anonymous_3)
FNDA:0,(anonymous_4)
FNDA:0,(anonymous_5)
FNDA:2,(anonymous_6)
DA:6,1
DA:7,4
DA:8,4
DA:9,4
DA:11,4
DA:12,1
DA:17,3
DA:18,1
DA:21,2
DA:27,2
DA:28,1
DA:33,1
DA:38,0
DA:40,0
DA:42,1
DA:46,1
DA:47,2
DA:48,2
DA:49,2
DA:51,2
DA:55,2
DA:56,1
DA:60,1
DA:61,0
DA:66,1
DA:67,0
DA:72,1
DA:73,1
DA:76,1
DA:79,1
DA:83,1
DA:89,0
DA:91,0
DA:93,0
DA:94,0
DA:95,0
DA:97,0
DA:99,0
DA:100,0
DA:107,0
DA:110,1
DA:111,1
DA:115,1
DA:116,2
DA:117,2
DA:118,2
DA:120,2
DA:122,2
DA:123,1
DA:128,1
DA:129,0
DA:134,1
DA:135,1
DA:137,1
DA:139,0
DA:140,0
DA:144,1
DA:145,0
DA:146,0
DA:148,0
DA:153,0
DA:155,0
DA:156,0
DA:160,1
DA:161,0
DA:162,0
DA:164,0
DA:169,0
DA:171,0
DA:172,0
DA:176,1
DA:177,0
DA:178,0
DA:179,0
DA:181,0
DA:182,0
DA:184,0
DA:186,0
DA:187,0
DA:191,1
DA:192,2
DA:193,2
DA:194,2
DA:196,2
DA:197,2
DA:198,1
DA:201,1
DA:209,1
DA:210,0
DA:211,0
DA:213,0
DA:218,1
DA:220,0
DA:221,0
LF:94
LH:53
BRDA:11,0,0,1
BRDA:11,0,1,3
BRDA:17,1,0,1
BRDA:17,1,1,2
BRDA:27,2,0,1
BRDA:27,2,1,1
BRDA:55,3,0,1
BRDA:55,3,1,1
BRDA:60,4,0,0
BRDA:60,4,1,1
BRDA:66,5,0,0
BRDA:66,5,1,1
BRDA:122,6,0,1
BRDA:122,6,1,1
BRDA:128,7,0,0
BRDA:128,7,1,1
BRDA:197,8,0,1
BRDA:197,8,1,1
BRDA:209,9,0,0
BRDA:209,9,1,1
BRDA:210,10,0,0
BRDA:210,10,1,0
BRF:22
BRH:16
end_of_record
TN:
SF:backend/controllers/notification.controller.js
FN:3,(anonymous_0)
FN:17,(anonymous_1)
FN:33,(anonymous_2)
FNF:3
FNH:3
FNDA:2,(anonymous_0)
FNDA:2,(anonymous_1)
FNDA:2,(anonymous_2)
DA:3,1
DA:4,2
DA:5,2
DA:10,1
DA:12,1
DA:13,1
DA:17,1
DA:18,2
DA:19,2
DA:20,2
DA:26,1
DA:28,1
DA:29,1
DA:33,1
DA:34,2
DA:36,2
DA:37,2
DA:42,1
DA:44,1
LF:19
LH:19
BRF:0
BRH:0
end_of_record
TN:
SF:backend/controllers/post.controller.js
FN:6,(anonymous_0)
FN:22,(anonymous_1)
FN:50,(anonymous_2)
FN:84,(anonymous_3)
FN:98,(anonymous_4)
FN:143,(anonymous_5)
FN:152,(anonymous_6)
FNF:7
FNH:6
FNDA:1,(anonymous_0)
FNDA:2,(anonymous_1)
FNDA:3,(anonymous_2)
FNDA:0,(anonymous_3)
FNDA:2,(anonymous_4)
FNDA:2,(anonymous_5)
FNDA:2,(anonymous_6)
DA:6,1
DA:7,1
DA:8,1
DA:15,1
DA:17,0
DA:18,0
DA:22,1
DA:23,2
DA:24,2
DA:27,2
DA:28,1
DA:29,1
DA:35,1
DA:41,0
DA:43,0
DA:45,2
DA:46,2
DA:50,1
DA:51,3
DA:52,3
DA:53,3
DA:55,3
DA:57,3
DA:58,1
DA:62,2
DA:63,1
DA:69,1
DA:70,1
DA:75,1
DA:77,1
DA:79,0
DA:80,0
DA:84,1
DA:85,0
DA:86,0
DA:87,0
DA:91,0
DA:93,0
DA:94,0
DA:98,1
DA:99,2
DA:100,2
DA:101,2
DA:103,2
DA:112,2
DA:113,1
DA:120,0
DA:122,0
DA:123,0
DA:124,0
DA:132,0
DA:136,1
DA:138,1
DA:139,1
DA:143,1
DA:144,2
DA:145,2
DA:146,2
DA:147,2
DA:149,2
DA:151,1
DA:152,2
DA:156,1
DA:158,1
DA:159,1
DA:166,0
DA:170,1
DA:172,1
DA:174,1
DA:175,1
LF:70
LH:52
BRDA:27,0,0,1
BRDA:27,0,1,1
BRDA:57,1,0,1
BRDA:57,1,1,2
BRDA:62,2,0,1
BRDA:62,2,1,1
BRDA:69,3,0,1
BRDA:69,3,1,0
BRDA:112,4,0,1
BRDA:112,4,1,1
BRDA:149,5,0,1
BRDA:149,5,1,1
BRDA:158,6,0,1
BRDA:158,6,1,0
BRF:14
BRH:12
end_of_record
TN:
SF:backend/controllers/user.controller.js
FN:4,(anonymous_0)
FN:25,(anonymous_1)
FN:42,(anonymous_2)
FNF:3
FNH:3
FNDA:2,(anonymous_0)
FNDA:2,(anonymous_1)
FNDA:3,(anonymous_2)
DA:4,1
DA:5,2
DA:6,2
DA:9,1
DA:18,1
DA:20,1
DA:21,1
DA:25,1
DA:26,2
DA:27,2
DA:31,2
DA:32,1
DA:35,1
DA:37,0
DA:38,0
DA:42,1
DA:43,3
DA:44,3
DA:57,3
DA:59,3
DA:60,30
DA:61,4
DA:65,3
DA:66,1
DA:67,1
DA:70,3
DA:71,1
DA:72,1
DA:75,3
DA:81,3
DA:83,0
DA:84,0
LF:32
LH:28
BRDA:31,0,0,1
BRDA:31,0,1,1
BRDA:60,1,0,4
BRDA:60,1,1,26
BRDA:65,2,0,1
BRDA:65,2,1,2
BRDA:70,3,0,1
BRDA:70,3,1,2
BRF:8
BRH:8
end_of_record
